<?xml version="1.0" encoding="UTF-8"?>
<testng-results skipped="0" failed="0" ignored="0" total="6" passed="6">
  <reporter-output>
  </reporter-output>
  <suite name="Test runner" duration-ms="1337" started-at="2017-11-16T12:55:01Z" finished-at="2017-11-16T12:55:02Z">
    <groups>
    </groups>
    <test name="Package with subpackages" duration-ms="1337" started-at="2017-11-16T12:55:01Z" finished-at="2017-11-16T12:55:02Z">
      <class name="smartbear.SampleWebServiceTestSuit">
        <test-method status="PASS" signature="Test1()[pri:0, instance:smartbear.SampleWebServiceTestSuit@b2c5e07]" name="Test1" duration-ms="316" started-at="2017-11-16T14:55:01Z" finished-at="2017-11-16T14:55:01Z">
          <reporter-output>
          </reporter-output>
        </test-method> <!-- Test1 -->
        <test-method status="PASS" signature="Test2()[pri:0, instance:smartbear.SampleWebServiceTestSuit@b2c5e07]" name="Test2" duration-ms="152" started-at="2017-11-16T14:55:01Z" finished-at="2017-11-16T14:55:01Z">
          <reporter-output>
          </reporter-output>
        </test-method> <!-- Test2 -->
        <test-method status="PASS" signature="Test3()[pri:0, instance:smartbear.SampleWebServiceTestSuit@b2c5e07]" name="Test3" duration-ms="153" started-at="2017-11-16T14:55:01Z" finished-at="2017-11-16T14:55:01Z">
          <reporter-output>
          </reporter-output>
        </test-method> <!-- Test3 -->
        <test-method status="PASS" signature="Test4()[pri:0, instance:smartbear.SampleWebServiceTestSuit@b2c5e07]" name="Test4" duration-ms="300" started-at="2017-11-16T14:55:01Z" finished-at="2017-11-16T14:55:01Z">
          <reporter-output>
          </reporter-output>
        </test-method> <!-- Test4 -->
        <test-method status="PASS" signature="Test5()[pri:0, instance:smartbear.SampleWebServiceTestSuit@b2c5e07]" name="Test5" duration-ms="231" started-at="2017-11-16T14:55:01Z" finished-at="2017-11-16T14:55:02Z">
          <reporter-output>
          </reporter-output>
        </test-method> <!-- Test5 -->
        <test-method status="PASS" signature="Test6()[pri:0, instance:smartbear.SampleWebServiceTestSuit@b2c5e07]" name="Test6" duration-ms="169" started-at="2017-11-16T14:55:02Z" finished-at="2017-11-16T14:55:02Z">
          <reporter-output>
          </reporter-output>
        </test-method> <!-- Test6 -->
      </class> <!-- smartbear.SampleWebServiceTestSuit -->
    </test> <!-- Package with subpackages -->
  </suite> <!-- Test runner -->
</testng-results>
